#
# There is insufficient memory for the Java Runtime Environment to continue.
# Native memory allocation (mmap) failed to map 268435456 bytes. Error detail: G1 virtual space
# Possible reasons:
#   The system is out of physical RAM or swap space
#   This process is running with CompressedOops enabled, and the Java Heap may be blocking the growth of the native heap
# Possible solutions:
#   Reduce memory load on the system
#   Increase physical memory or swap space
#   Check if swap backing store is full
#   Decrease Java heap size (-Xmx/-Xms)
#   Decrease number of Java threads
#   Decrease Java thread stack sizes (-Xss)
#   Set larger code cache with -XX:ReservedCodeCacheSize=
#   JVM is running with Zero Based Compressed Oops mode in which the Java heap is
#     placed in the first 32GB address space. The Java Heap base address is the
#     maximum limit for the native heap growth. Please use -XX:HeapBaseMinAddress
#     to set the Java Heap base and to place the Java Heap above 32GB virtual address.
# This output file may be truncated or incomplete.
#
#  Out of Memory Error (os_windows.cpp:3828), pid=18024, tid=7704
#
# JRE version:  (21.0.4) (build )
# Java VM: OpenJDK 64-Bit Server VM (21.0.4+-12508038-b607.1, mixed mode, sharing, tiered, compressed oops, compressed class ptrs, g1 gc, windows-amd64)
# No core dump will be written. Minidumps are not enabled by default on client versions of Windows
#

---------------  S U M M A R Y ------------

Command Line: org.jetbrains.kotlin.cli.jvm.K2JVMCompiler @C:\Users\Marine\AndroidStudioProjects\MyApplication\app\build\20250125_7382894727246341499.compiler.options

Host: Intel(R) Core(TM) i5-5200U CPU @ 2.20GHz, 4 cores, 15G,  Windows 10 , 64 bit Build 19041 (10.0.19041.5198)
Time: Sat Jan 25 18:23:05 2025 Paris, Madrid elapsed time: 0.057230 seconds (0d 0h 0m 0s)

---------------  T H R E A D  ---------------

Current thread (0x000002362c07e7f0):  JavaThread "Unknown thread" [_thread_in_vm, id=7704, stack(0x000000af6d000000,0x000000af6d100000) (1024K)]

Stack: [0x000000af6d000000,0x000000af6d100000]
Native frames: (J=compiled Java code, j=interpreted, Vv=VM code, C=native code)
V  [jvm.dll+0x6ce539]
V  [jvm.dll+0x85bf03]
V  [jvm.dll+0x85e45e]
V  [jvm.dll+0x85eb43]
V  [jvm.dll+0x27dd06]
V  [jvm.dll+0x6cada5]
V  [jvm.dll+0x6bf27a]
V  [jvm.dll+0x3541fb]
V  [jvm.dll+0x35be36]
V  [jvm.dll+0x3adbc6]
V  [jvm.dll+0x3ade98]
V  [jvm.dll+0x32691c]
V  [jvm.dll+0x32760b]
V  [jvm.dll+0x823959]
V  [jvm.dll+0x3bacf8]
V  [jvm.dll+0x80cd58]
V  [jvm.dll+0x44ef2e]
V  [jvm.dll+0x450691]
C  [jli.dll+0x52ab]
C  [ucrtbase.dll+0x21bb2]
C  [KERNEL32.DLL+0x17374]
C  [ntdll.dll+0x4cc91]


---------------  P R O C E S S  ---------------

Threads class SMR info:
_java_thread_list=0x00007fffa731a808, length=0, elements={
}

Java Threads: ( => current thread )
Total: 0

Other Threads:
  0x000002362e2c0f40 WorkerThread "GC Thread#0"                     [id=17828, stack(0x000000af6d100000,0x000000af6d200000) (1024K)]
  0x000002362e2d25f0 ConcurrentGCThread "G1 Main Marker"            [id=10916, stack(0x000000af6d200000,0x000000af6d300000) (1024K)]
  0x000002362e2d30f0 WorkerThread "G1 Conc#0"                       [id=4408, stack(0x000000af6d300000,0x000000af6d400000) (1024K)]

[error occurred during error reporting (printing all threads), id 0xc0000005, EXCEPTION_ACCESS_VIOLATION (0xc0000005) at pc=0x00007fffa6b19957]
VM state: not at safepoint (not fully initialized)

VM Mutex/Monitor currently owned by a thread:  ([mutex/lock_event])
[0x00007fffa73873f8] Heap_lock - owner thread: 0x000002362c07e7f0

Heap address: 0x0000000701400000, size: 4076 MB, Compressed Oops mode: Zero based, Oop shift amount: 3

CDS archive(s) mapped at: [0x0000000000000000-0x0000000000000000-0x0000000000000000), size 0, SharedBaseAddress: 0x0000000800000000, ArchiveRelocationMode: 1.
Narrow klass base: 0x0000000000000000, Narrow klass shift: 0, Narrow klass range: 0x0

GC Precious Log:
 CardTable entry size: 512
 Card Set container configuration: InlinePtr #cards 4 size 8 Array Of Cards #cards 16 size 48 Howl #buckets 8 coarsen threshold 3686 Howl Bitmap #cards 512 size 80 coarsen threshold 460 Card regions per heap region 1 cards per card region 4096

Heap:
 garbage-first heap   total 0K, used 0K [0x0000000701400000, 0x0000000800000000)
  region size 2048K, 0 young (0K), 0 survivors (0K)
 Metaspace       used 0K, committed 0K, reserved 0K
  class space    used 0K, committed 0K, reserved 0K

Heap Regions: E=young(eden), S=young(survivor), O=old, HS=humongous(starts), HC=humongous(continues), CS=collection set, F=free, TAMS=top-at-mark-start, PB=parsable bottom

Card table byte_map: [0x0000023640bb0000,0x00000236413b0000] _byte_map_base: 0x000002363d3a6000

Marking Bits: (CMBitMap*) 0x000002362e2c1e50
 Bits: [0x00000236413b0000, 0x0000023645360000)

GC Heap History (0 events):
No events

Dll operation events (1 events):
Event: 0.025 Loaded shared library C:\Program Files\Android\Android Studio\jbr\bin\java.dll

Deoptimization events (0 events):
No events

Classes loaded (0 events):
No events

Classes unloaded (0 events):
No events

Classes redefined (0 events):
No events

Internal exceptions (0 events):
No events

ZGC Phase Switch (0 events):
No events

VM Operations (0 events):
No events

Memory protections (0 events):
No events

Nmethod flushes (0 events):
No events

Events (0 events):
No events


Dynamic libraries:
0x00007ff65d8d0000 - 0x00007ff65d8da000 	C:\Program Files\Android\Android Studio\jbr\bin\java.exe
0x00007ff83e230000 - 0x00007ff83e428000 	C:\WINDOWS\SYSTEM32\ntdll.dll
0x00007ff83d840000 - 0x00007ff83d902000 	C:\WINDOWS\System32\KERNEL32.DLL
0x00007ff83bb10000 - 0x00007ff83be0f000 	C:\WINDOWS\System32\KERNELBASE.dll
0x00007ff83b9a0000 - 0x00007ff83baa0000 	C:\WINDOWS\System32\ucrtbase.dll
0x00007ff8378e0000 - 0x00007ff8378f8000 	C:\Program Files\Android\Android Studio\jbr\bin\jli.dll
0x00007ff83ceb0000 - 0x00007ff83d04d000 	C:\WINDOWS\System32\USER32.dll
0x00007ff83c0f0000 - 0x00007ff83c112000 	C:\WINDOWS\System32\win32u.dll
0x00007ff83df80000 - 0x00007ff83dfab000 	C:\WINDOWS\System32\GDI32.dll
0x00007ff83c120000 - 0x00007ff83c237000 	C:\WINDOWS\System32\gdi32full.dll
0x00007ff83c050000 - 0x00007ff83c0ed000 	C:\WINDOWS\System32\msvcp_win.dll
0x00007ffff8df0000 - 0x00007ffff8e0b000 	C:\Program Files\Android\Android Studio\jbr\bin\VCRUNTIME140.dll
0x00007ff82b9f0000 - 0x00007ff82bc8a000 	C:\WINDOWS\WinSxS\amd64_microsoft.windows.common-controls_6595b64144ccf1df_6.0.19041.4355_none_60b8b9eb71f62e16\COMCTL32.dll
0x00007ff83d6c0000 - 0x00007ff83d75e000 	C:\WINDOWS\System32\msvcrt.dll
0x00007ff83dac0000 - 0x00007ff83daef000 	C:\WINDOWS\System32\IMM32.DLL
0x00007ff818af0000 - 0x00007ff818afc000 	C:\Program Files\Android\Android Studio\jbr\bin\vcruntime140_1.dll
0x00007ff817a30000 - 0x00007ff817abd000 	C:\Program Files\Android\Android Studio\jbr\bin\msvcp140.dll
0x00007fffa67e0000 - 0x00007fffa7463000 	C:\Program Files\Android\Android Studio\jbr\bin\server\jvm.dll
0x00007ff83ca80000 - 0x00007ff83cb31000 	C:\WINDOWS\System32\ADVAPI32.dll
0x00007ff83d130000 - 0x00007ff83d1cf000 	C:\WINDOWS\System32\sechost.dll
0x00007ff83daf0000 - 0x00007ff83dc13000 	C:\WINDOWS\System32\RPCRT4.dll
0x00007ff83c020000 - 0x00007ff83c047000 	C:\WINDOWS\System32\bcrypt.dll
0x00007ff83d0c0000 - 0x00007ff83d12b000 	C:\WINDOWS\System32\WS2_32.dll
0x00007ff83b190000 - 0x00007ff83b1db000 	C:\WINDOWS\SYSTEM32\POWRPROF.dll
0x00007ff8295f0000 - 0x00007ff829617000 	C:\WINDOWS\SYSTEM32\WINMM.dll
0x00007ff82fad0000 - 0x00007ff82fada000 	C:\WINDOWS\SYSTEM32\VERSION.dll
0x00007ff83b030000 - 0x00007ff83b042000 	C:\WINDOWS\SYSTEM32\UMPDC.dll
0x00007ff83a0a0000 - 0x00007ff83a0b2000 	C:\WINDOWS\SYSTEM32\kernel.appcore.dll
0x00007ff8044d0000 - 0x00007ff8044da000 	C:\Program Files\Android\Android Studio\jbr\bin\jimage.dll
0x00007ff839160000 - 0x00007ff839344000 	C:\WINDOWS\SYSTEM32\DBGHELP.DLL
0x00007ff82b9b0000 - 0x00007ff82b9e4000 	C:\WINDOWS\SYSTEM32\dbgcore.DLL
0x00007ff83b8c0000 - 0x00007ff83b942000 	C:\WINDOWS\System32\bcryptPrimitives.dll
0x00007ffff0900000 - 0x00007ffff0920000 	C:\Program Files\Android\Android Studio\jbr\bin\java.dll

dbghelp: loaded successfully - version: 4.0.5 - missing functions: none
symbol engine: initialized successfully - sym options: 0x614 - pdb path: .;C:\Program Files\Android\Android Studio\jbr\bin;C:\WINDOWS\SYSTEM32;C:\WINDOWS\WinSxS\amd64_microsoft.windows.common-controls_6595b64144ccf1df_6.0.19041.4355_none_60b8b9eb71f62e16;C:\Program Files\Android\Android Studio\jbr\bin\server

VM Arguments:
java_command: org.jetbrains.kotlin.cli.jvm.K2JVMCompiler @C:\Users\Marine\AndroidStudioProjects\MyApplication\app\build\20250125_7382894727246341499.compiler.options
java_class_path (initial): C:\Users\Marine\.gradle\caches\modules-2\files-2.1\org.jetbrains.kotlin\kotlin-compiler-embeddable\1.9.24\78dab849090e6c5e2eadb6e59a11cdc28fb67a08\kotlin-compiler-embeddable-1.9.24.jar;C:\Users\Marine\.gradle\caches\modules-2\files-2.1\org.jetbrains.kotlin\kotlin-stdlib\1.9.24\9928532f12c66ad816a625b3f9984f8368ca6d2b\kotlin-stdlib-1.9.24.jar;C:\Users\Marine\.gradle\caches\modules-2\files-2.1\org.jetbrains.kotlin\kotlin-script-runtime\1.9.24\96771497da90fbc5af1c90fce148db2595a62502\kotlin-script-runtime-1.9.24.jar;C:\Users\Marine\.gradle\caches\modules-2\files-2.1\org.jetbrains.kotlin\kotlin-reflect\1.6.10\1cbe9c92c12a94eea200d23c2bbaedaf3daf5132\kotlin-reflect-1.6.10.jar;C:\Users\Marine\.gradle\caches\modules-2\files-2.1\org.jetbrains.kotlin\kotlin-daemon-embeddable\1.9.24\86685b9c5e8d170925bd9ddbdc263374a6a73281\kotlin-daemon-embeddable-1.9.24.jar;C:\Users\Marine\.gradle\caches\modules-2\files-2.1\org.jetbrains.intellij.deps\trove4j\1.0.20200330\3afb14d5f9ceb459d724e907a21145e8ff394f02\trove4j-1.0.20200330.jar;C:\Users\Marine\.gradle\caches\modules-2\files-2.1\org.jetbrains\annotations\13.0\919f0dfe192fb4e063e7dacadee7f8bb9a2672a9\annotations-13.0.jar
Launcher Type: SUN_STANDARD

[Global flags]
     intx CICompilerCount                          = 3                                         {product} {ergonomic}
     uint ConcGCThreads                            = 1                                         {product} {ergonomic}
     uint G1ConcRefinementThreads                  = 4                                         {product} {ergonomic}
   size_t G1HeapRegionSize                         = 2097152                                   {product} {ergonomic}
    uintx GCDrainStackTargetSize                   = 64                                        {product} {ergonomic}
   size_t InitialHeapSize                          = 268435456                                 {product} {ergonomic}
   size_t MarkStackSize                            = 4194304                                   {product} {ergonomic}
   size_t MaxHeapSize                              = 4273995776                                {product} {ergonomic}
   size_t MinHeapDeltaBytes                        = 2097152                                   {product} {ergonomic}
   size_t MinHeapSize                              = 8388608                                   {product} {ergonomic}
    uintx NonNMethodCodeHeapSize                   = 5832780                                {pd product} {ergonomic}
    uintx NonProfiledCodeHeapSize                  = 122912730                              {pd product} {ergonomic}
    uintx ProfiledCodeHeapSize                     = 122912730                              {pd product} {ergonomic}
    uintx ReservedCodeCacheSize                    = 251658240                              {pd product} {ergonomic}
     bool SegmentedCodeCache                       = true                                      {product} {ergonomic}
   size_t SoftMaxHeapSize                          = 4273995776                             {manageable} {ergonomic}
     bool UseCompressedOops                        = true                           {product lp64_product} {ergonomic}
     bool UseG1GC                                  = true                                      {product} {ergonomic}
     bool UseLargePagesIndividualAllocation        = false                                  {pd product} {ergonomic}

Logging:
Log output configuration:
 #0: stdout all=warning uptime,level,tags foldmultilines=false
 #1: stderr all=off uptime,level,tags foldmultilines=false

Environment Variables:
PATH=C:\Program Files\Common Files\Oracle\Java\javapath;C:\Python313\Scripts\;C:\Python313\;C:\Program Files (x86)\Common Files\Oracle\Java\javapath;C:\WINDOWS\system32;C:\WINDOWS;C:\WINDOWS\System32\Wbem;C:\WINDOWS\System32\WindowsPowerShell\v1.0\;C:\Program Files (x86)\Common Files\lenovo\easyplussdk\bin;C:\Program Files (x86)\ATI Technologies\ATI.ACE\Core-Static;C:\Program Files\Intel\WiFi\bin\;C:\Program Files\Common Files\Intel\WirelessCommon\;C:\WINDOWS\System32\OpenSSH\;C:\sqlite;C:\Program Files (x86)\Git\cmd;C:\Program Files\Docker\Docker\resources\bin;C:\MinGW\bin;C:\Program Files\nodejs\;C:\ProgramData\chocolatey\bin;C:\Users\Marine\AppData\Local\Programs\Python\Launcher\;C:\Users\Marine\AppData\Local\Microsoft\WindowsApps;C:\Users\Marine\AppData\Local\Programs\Microsoft VS Code\bin;C:\sqlite;C:\Users\Marine\AppData\Local\gitkraken\bin;C:\Users\Marine\AppData\Local\Microsoft\WinGet\Packages\Schniz.fnm_Microsoft.Winget.Source_8wekyb3d8bbwe;C:\Users\Marine\AppData\Roaming\npm
USERNAME=Marine
OS=Windows_NT
PROCESSOR_IDENTIFIER=Intel64 Family 6 Model 61 Stepping 4, GenuineIntel
TMP=C:\Users\Marine\AppData\Local\Temp
TEMP=C:\Users\Marine\AppData\Local\Temp




Periodic native trim disabled

JNI global refs:
JNI global refs: 0, weak refs: 0

JNI global refs memory usage: 0, weak refs: 0

Process memory usage:
Resident Set Size: 10660K (0% of 16689616K total physical memory with 2059140K free physical memory)

OOME stack traces (most recent first):
Classloader memory used:

---------------  S Y S T E M  ---------------

OS:
 Windows 10 , 64 bit Build 19041 (10.0.19041.5198)
OS uptime: 0 days 3:10 hours
Hyper-V role detected

CPU: total 4 (initial active 4) (2 cores per cpu, 2 threads per core) family 6 model 61 stepping 4 microcode 0x2d, cx8, cmov, fxsr, ht, mmx, 3dnowpref, sse, sse2, sse3, ssse3, sse4.1, sse4.2, popcnt, lzcnt, tsc, tscinvbit, avx, avx2, aes, erms, clmul, bmi1, bmi2, adx, fma, vzeroupper, clflush, hv, rdtscp, f16c
Processor Information for all 4 processors :
  Max Mhz: 2201, Current Mhz: 2200, Mhz Limit: 2178

Memory: 4k page, system-wide physical 16298M (2010M free)
TotalPageFile size 16298M (AvailPageFile size 220M)
current process WorkingSet (physical memory assigned to process): 10M, peak: 10M
current process commit charge ("private bytes"): 51M, peak: 307M

vm_info: OpenJDK 64-Bit Server VM (21.0.4+-12508038-b607.1) for windows-amd64 JRE (21.0.4+-12508038-b607.1), built on 2024-10-16T17:23:34Z by "builder" with MS VC++ 16.10 / 16.11 (VS2019)

END.
